[    0.000000] Linux version 4.5.0-4-generic (buildd@lgw01-amd64-001) (gcc version 7.3.0 (Ubuntu 7.3.0-16ubuntu3)) #46-Ubuntu SMP Thu Dec 6 14:45:28 UTC 2018 (Ubuntu 4.15.0-43.46-generic 4.15.18)
[    0.000000] Command line: BOOT_IMAGE=/boot/vmlinuz-4.15.0-43-generic root=LABEL=cloudimg-rootfs ro console=tty1 console=ttyS0
[    0.000000] KERNEL supported cpus:
[    0.000000]   Intel GenuineIntel
[    0.000000]   AMD AuthenticAMD
[    0.000000]   Centaur CentaurHauls
[    0.000000] x86/fpu: Supporting XSAVE feature 0x001: 'x87 floating pint registers'
[    0.000000] x86/fpu: Supporting XSAVE feature 0x002: 'SSE registers'
[    0.000000] x86/fpu: Supporting XSAVE feature 0x004: 'AVX registers'
[    0.000000] x86/fpu: xstate_offset[2]:  576, xstate_sizes[2]:  256
[    0.000000] x86/fpu: Enabled xstate features 0x7, context size is 832 bytes, using 'standard' format.
[    0.000000] e820: BIOS-provided physical RAM map:
[    0.000000] BIOS-e820: [mem 0x0000000000000000-0x000000000009fbff] usable
[    0.000000] BIOS-e820: [mem 0x000000000009fc00-0x000000000009ffff] reserved
[    0.000000] BIOS-e820: [mem 0x00000000000f0000-0x00000000000fffff] reserved
[    0.000000] BIOS-e820: [mem 0x0000000000100000-0x000000003ffeffff] usab
[    0.000000] BIOS-e820: [mem 0x000000003fff0000-0x000000003fffffff] ACPI data
[    0.000000] BIOS-e820: [mem 0x00000000fec00000-0x00000000fec00fff] reserved
[    0.000000] BIOS-e820: [mem 0x00000000fee00000-0x00000000fee00fff] reserved
[    0.000000] BIOS-e820: [mem 00000000fffc0000-0x00000000ffffffff] eserved
[    0.000000] NX (Exeute Disable) protection: active
[    0.000000] SMBIOS 2.5 present.
[    0.000000] DMI: innotek GmbH VirtualBox/VirtualBox, BIOS VirtualBox 12/01/2006
[    0.000000] Hypervisor detected: KVM
[    0.000000] e820: last_pfn = 0x3fff0 max_arch_pfn = 0x400000000
[    0.0000000] MTRR: Disabled
[    0.000000] x86/PAT: MTRRs disabled, skipping PAT initialization too.
[    0.000000] CPU MTRRs all blank - virtualized system.
[    0.000000] x86/PAT: Configuration [0-7]: WB  WT  UC- UC  WB  WT  UC- UC  
[    0.000000] found SMP MP-table at [mem 0x0009fff0-0x0009ffff] mapped at [        (ptrval)]
[    0.000000] Scanning 1 areas for low memory corruption
[    0.000000] RAMDISK: [mem 0x359c9000-0x36cdbfff]
[    0.000000] ACPI: Early table checksum verification disabled
[    0.000000] ACPI: RSDP 0x00000000000E0000 000024 (v02 VBOX  )
[    0.000000] ACPI: XSDT 0x000000003FFF0030 00003C (v01 VBOX   VBOXXSDT 00000001 ASL  00000061)
[    0.000000] ACPI: FACP 0x000000003FFF00F0 0000F4 (v04 VBOX   VBOXFACP 00000001 ASL  00000061)
[    0.000000] ACPI: DSDT 0x000000003FFF0470 0021FF (v02 VBOX   VBOXBIOS 00000002 INTL 20100528)
[    0.000000] ACPI: FACS 0x000000003FFF0200 000040
[    0.000000] ACPI: FACS 0x000000003FFF0200 000040
[    0.000000] ACPI: APIC 0x000000003FFF0240 00005C (v02 VBOX   VBOXAPIC 00000001 ASL  00000061)
[    0.000000] ACPI: SSDT 0x000000003FFF02A0 0001CC (v01 VBOX   VBOXCPUT 00000002 INTL 20100528)
[    0.000000] No NUMA configuration found
[    0.000000] Faking a node at [mem 0x0000000000000000-0x000000003ffeffff]
[    0.000000] NODE_DATA(0) allocated [mem x3ffc5000-0x3ffeffff]
[    0.000000] kvm-clock: cpu 0, msr 0:3ff44001, primary cpu clock
[    0.000000] kvm-clock: Using msrs 4b564d01 and 4b564d00
[    0.000000] kvm-clock: using sched offset of 6781784636 cyces
[    0.000000] clocksource: kvm-clockk: mask: 0xffffffffffffffff max_cycles: 0x1cd42e4dffb, max_idle_ns: 881590591483 ns
[    0.000000] Zone ranges:
[    0.000000]   DMA      [mem 0x0000000000001000-0x0000000000ffffff]
[    0.000000]   DMA32    [mem 0x0000000001000000-0x000000003ffeffff]
[    0.000000]   Normal   empty
[    0.000000]   Device   empty
[    0.000000] Movable zone start for each node
[    0.000000] Early emory node ranges
[    0.000000]   node   0: [mem 0x0000000000001000-0x000000000009efff]
[    0.000000]   node   0: [mem 0x0000000000100000-0x000000003ffeffff]
[    0.000000] Initmem setup node 0 [mem 0x0000000000001000-0x000000003ffeffff]
[    0.000000] Reserved but unavailable: 98 pages
[    0.000000] ACPI: PM-Timer IO Port: 0x4008
[    0.000000] IOAPIC[0]: apic_id 2, version 32, address 0xfec00000, GSI 0-23
[    0.000000] ACPI: INT_SRC_VR (bus 0 bus_irq 0 global_irq 2 dfl df)
[    0.000000] ACPI: INT_SRC_OVR (bus 0 bus_irq 9 global_irq 9 low level)
[    0.000000] Using ACPI (MADT) for SMP configuration information
[    0.000000] smpboot: Allowing 2 CPUs, 0 hotplug CPUs
[    0.000000] PM: Registered nosave memory: [mem 0x00000000-0x000000fff]
[    0.000000] PM: Registered nosave memory: [mem 0x0009f000-0x0009ffff]
[    0.000000] PM: Registered nosave memory: [mem 0x000a0000-0x000effff]
[    0.000000] PM: Registered nosave memory: [mem 0x000f0000-0x000fffff]
[    0.000000] e820: [mem 0x40000000-0xfebfffff] available for PCI devices
[    0.000000] Booting paravirtualized kernel on KVM
[    0.000000] clocksource: refined-jiffies: mask: 0xffffffff max_cycles: 0xffffffff, max_idle_ns: 7645519600211568 ns
[    0.000000] random: get_random_bytes called from start_kernel+0x99/0x4fd with crng_init=0
[    0.000000] setup_percpu: NR_CPUS:8192 nr_cpumask_bits:2 nr_cpu_ids:2 nr_node_ids:1
[    0.000000] percpu: Embedded 46 pages/cpu @        (ptrval) s151552 r8192 d28672 u1048576
[    0.000000] PV qspinlock hash table entries: 256 (order: 0, 4096 bytes)
[    0.000000] Built 1 zonelists, mobility grouping on.  Total pages: 257913
[    0.000000] Policy zone: DMA32
[    0.000000] Kernel command line: BOOT_IMAGE=/boot/vmlinuz-4.15.0-43-generic root=LABEL=cloudimg-rootfs ro console=tty1 console=ttyS0
[    0.000000] Memory: 983052K/1048120K available (12300K kernel code, 2472K rwdata, 4252K rodata, 2408K init, 2416K bss, 65068K reserved, 0K cma-reserved)
[    0.000000] SLUB: HWalign=64, Order=0-3, MinObjects=0, CPUs=2, Nodes=1
[    0.000000] Kernel/User page tables isolation: enabled
[    0.000000] ftrace: allocating 39186 entries in 154 pages
[    0.004000] Hierarchical RCU implementation.
[    0.004000] 	RCU restricting CPUs from NR_CPUS=8192 to nr_cpu_ids=2.
[    0.004000] 	Tasks RCU enabled.
[    0.004000] RCU: Adjusting geometry for rcu_fanout_leaf=16, nr_cpu_ids=2
[    0.004000] NR_IRQS: 524544, nr_irqs: 440, preallocated irqs: 16
[    0.004000] Console: colour VGA+ 80x25
[    0.004000] console [tty1] enabled
[    0.004000] console [ttyS0] enabled
[    0.004000] ACPI: Core revision 20170831
[    0.004000] ACPI: 2 ACPI AML tables successfully acquired and loaded
[    0.004000] APIC: Switch to symmetric I/O mode setup
[    0.004000] x2apic enabled
[    0.004007] Switched APIC routing to physical x2apic.
[    0.006934] ..TIMER: vector=0x30 apic1=0 pin1=2 apic2=-1 pin2=-1
[    0.008005] ts: Detected 1800.000 MHz processor
[    0.012013] Calibrating delay loop (skipped) preset value.. 3600.00 BogoMIPS (lpj=7200000)
[    0.016003] pid_max: default: 32768 minimum: 301
[    0.017687] Security Framework initialized
[    0.020005] Yama: becoming mindful.
[    0.021371] AppArmor: AppArmor initialized
[    0.025893] Dentry cache hash table entries: 131072 (order: 8, 1048576 bytes)
[    0.028087] Inode-cache hash table entries: 65536 (order: 7, 524288 bytes)
[    0.032028] Mount-cache hash table entries: 2048 (order: 2, 16384 bytes)
[    0.036010] Mountpoint-cache hash table entries: 2048 (order: 2, 16384 bytes)
[    0.039188] mce: CPU supports 0 MCE banks
[    0.040020] Last level iTLB entries: 4KB 64, 2MB 8, 4MB 8
[    0.041985] Last level dTLB entries: 4KB 64, 2MB 0, 4MB 0, 1GB 4
[    0.044007] Spectre V2 : Mitigation: Full generic retpoline
[    0.048004] Spectre V2 : Spectre v2 / SpectreRSB mitigation: Filling RSB on context switch
[    0.050928] Speculative Store Bypass: Vulnerable
[    0.052095] Freeing SMP alternatives memory: 36K
[    0.060000] smpboot: CPU0: Intel(R) Core(TM) i5-5350U CPU @ 1.80GHz (family: 0x6, model: 0x3d, stepping: 0x4)
[    0.060089] Performance Events: unsupported p6 CPU model 61 no PMU driver, software events only.
[    0.064038] Hierarchical SRCU implementation.
[    0.066220] NMI watchdog: Perf event create on CPU 0 failed with -2
[    0.068006] NMI watchdog: Perf NMI watchdog permanently disabled
[    0.072080] smp: Bringing up secondary CPUs ...
[    0.073953] x86: Booting SMP configuration:
[    0.075600] .... node  #0, CPUs:      #1
[    0.004000] kvm-clock: cpu 1, msr 0:3ff44041, secondary cpu clock
[    0.004000] mce: CPU supports 0 MCE banks
[    0.084312] smp: Brought up 1 node, 2 CPUs
[    0.088013] smpboot: Max logical packages: 1
[    0.092006] smpboot: Total of 2 processors activated (7200.00 BogoMIPS)
[    0.096161] devtmpfs: initialized
[    0.097334] x86/mm: Memory block size: 128MB
[    0.100151] evm: security.selinux
[    0.101390] evm: security.SMACK64
[    0.102631] evm: security.SMACK64EXEC
[    0.104003] evm: security.SMACK64TRANSMUTE
[    0.105508] evm: security.SMACK64MMAP
[    0.108002] evm: security.apparmor
[    0.109440] evm: security.ima
[    0.110614] evm: security.capability
[    0.112123] clocksource: jiffies: mask: 0xffffffff max_cycles: 0xffffffff, max_idle_ns: 7645041785100000 ns
[    0.116030] futex hash table entries: 512 (order: 3, 32768 bytes)
[    0.120170] pinctrl core: initialized pinctrl subsystem
[    0.124160] RTC time:  8:16:43, date: 01/27/19
[    0.128381] NET: Registered protocol family 16
[    0.130262] audit: initializing netlink subsys (disabled)
[    0.132154] audit: type=2000 audit(1548577011.419:1): state=initialized audit_enabled=0 res=1
[    0.132154] cpuidle: using governor ladder
[    0.136011] cpuidle: using governor menu
[    0.140059] ACPI: bus type PCI registered
[    0.142111] acpiphp: ACPI Hot Plug PCI Controller Driver version: 0.5
[    0.144160] PCI: Using configuration type 1 for base access
[    0.149090] HugeTLB registered 2.00 MiB page size, pre-allocated 0 pages
[    0.152170] ACPI: Added _OSI(Module Device)
[    0.156009] ACPI: Added _OSI(Processor Device)
[    0.157631] ACPI: Added _OSI(3.0 _SCP Extensions)
[    0.160003] ACPI: Added _OSI(Processor Aggregator Device)
[    0.162179] ACPI: Added _OSI(Linux-Dell-Video)
[    0.164014] ACPI: Added _OSI(Linux-Lenovo-NV-HDMI-Audio)
[    0.166724] ACPI: Executed 1 blocks of module-level executable AML code
[    0.173845] ACPI: Interpreter enabled
[    0.176023] ACPI: (supports S0 S5)
[    0.179659] ACPI: Using IOAPIC for interrupt routing
[    0.180296] PCI: Using host bridge windows from ACPI; if necessary, use "pci=nocrs" and report a bug
[    0.184322] ACPI: Enabled 2 GPEs in block 00 to 07
[    0.197967] ACPI: PCI Root Bridge [PCI0] (domain 0000 [bus 00-ff])
[    0.200017] acpi PNP0A03:00: _OSC: OS supports [ASPM ClockPM Segments MSI]
[    0.204044] acpi PNP0A03:00: _OSC: not requesting OS control; OS requires [ExtendedConfig ASPM ClockPM MSI]
[    0.208029] acpi PNP0A03:00: fail to add MMCONFIG information, can't access extended PCI configuration space under this bridge.
[    0.216061] PCI host bridge to bus 0000:00
[    0.218109] pci_bus 0000:00: root bus resource [io  0x0000-0x0cf7 window]
[    0.220005] pci_bus 0000:00: root bus resource [io  0x0d00-0xffff window]
[    0.224005] pci_bus 0000:00: root bus resource [mem 0x000a0000-0x000bffff window]
[    0.228011] pci_bus 0000:00: root bus resource [mem 0x40000000-0xfdffffff window]
[    0.230977] pci_bus 0000:00: root bus resource [bus 00-ff]
[    0.239601] pci 0000:00:01.1: legacy IDE quirk: reg 0x10: [io  0x01f0-0x01f7]
[    0.240007] pci 0000:00:01.1: legacy IDE quirk: reg 0x14: [io  0x03f6]
[    0.244005] pci 0000:00:01.1: legacy IDE quirk: reg 0x18: [io  0x0170-0x0177]
[    0.248006] pci 0000:00:01.1: legacy IDE quirk: reg 0x1c: [io  0x0376]
[    0.281678] pci 0000:00:07.0: quirk: [io  0x4000-0x403f] claimed by PIIX4 ACPI
[    0.284054] pci 0000:00:07.0: quirk: [io  0x4100-0x410f] claimed by PIIX4 SMB
[    0.307878] ACPI: PCI Interrupt Link [LNKA] (IRQs 5 9 10 *11)
[    0.308397] ACPI: PCI Interrupt Link [LNKB] (IRQs 5 9 *10 11)
[    0.312081] ACPI: PCI Interrupt Link [LNKC] (IRQs 5 *9 10 11)
[    0.314974] ACPI: PCI Interrupt Link [LNKD] (IRQs 5 9 10 *11)
[    0.316615] SCSI subsystem initialized
[    0.320070] pci 0000:00:02.0: vgaarb: setting as boot VGA device
[    0.322255] pci 0000:00:02.0: vgaarb: VGA device added: decodes=io+mem,owns=io+mem,locks=none
[    0.324006] pci 0000:00:02.0: vgaarb: bridge control possible
[    0.328007] vgaarb: loaded
[    0.332048] ACPI: bus type USB registered
[    0.333967] usbcore: registered new interface driver usbfs
[    0.336012] usbcore: registered new interface driver hub
[    0.337835] usbcore: registered new device driver usb
[    0.340203] EDAC MC: Ver: 3.0.0
[    0.342039] PCI: Using ACPI for IRQ routing
[    0.344555] NetLabel: Initializing
[    0.346065] NetLabel:  domain hash size = 128
[    0.348004] NetLabel:  protocols = UNLABELED CIPSOv4 CALIPSO
[    0.350226] NetLabel:  unlabeled traffic allowed by default
[    0.352194] clocksource: Switched to clocksource kvm-clock
[    0.380122] VFS: Disk quotas dquot_6.6.0
[    0.381805] VFS: Dquot-cache hash table entries: 512 (order 0, 4096 bytes)
[    0.385001] AppArmor: AppArmor Filesystem Enabled
[    0.387234] pnp: PnP ACPI init
[    0.390775] pnp: PnP ACPI: found 3 devices
[    0.408710] clocksource: acpi_pm: mask: 0xffffff max_cycles: 0xffffff, max_idle_ns: 2085701024 ns
[    0.420564] NET: Registered protocol faily 2

[    0.495126] TCP established hash table entries: 8192 (order: 4, 65536 bytes)
[    0.499800] TCP bind hash table entries: 8192 (order: 5, 131072 bytes)
[    0.502687] TCP: Hash tables configured (established 8192 bind 8192)
[    0.506742] UDP hash table entries: 512 (order: 2, 16384 bytes)
[    0.509594] UDP-Lite hash table entries: 512 (order: 2, 16384 bytes)
[    0.512332] NET: Registered protocol family 1
[    0.514328] pci 0000:00:00.0: Limiting direct PCI/PCI transfers
[    0.516493] pci 0000:00:01.0: Activating ISA DMA hang workarounds
[    0.518739] pci 0000:00:02.0: Vio device with shadowed ROM at [mem 0x000c0000-0x000dffff]
[    0.572036] Unpacking initramfs...

[    0.913069] Freeing initrd memory: 19532K
[    0.914846] platform rtc_cmos: registered platform RTC device (no PNP device found)
[    0.918156] Scanning for low memory corruption every 60 seconds
[    0.934682] Initialise system trusted keyrings
[    0.942202] Key type blacklist registered
[    0.944097] workingset: timestamp_bits=36 max_order=18 bucket_order=0
[    0.947536] zbud: loaded
[    0.949783] squashfs: version 4.0 (2009/01/31) Phillip Lougher
[    0.952714] fuse init (API version 7.26)
[    0.966693] Key type asymmetric registered
[    0.968724] Asymmetric key parser 'x509' registered
[    0.973875] Block layer SCSI generic (bsg) driver version 0.4 loaded (major 246)
[    0.976854] io scheduler noop registered
[    0.978720] io scheduler deadline registered
[    0.981508] io scheduler cfq registered (default)
[    0.983922] ACPI: AC Adapter [AC] (off-line)
[    0.985772] input: Power Button as /devices/LNXSYSTM:00/LNXPWRBN:00/input/input0
[    1.001583] ACPI: Power Button [PWRF]
[    1.008955] input: Sleep Button as /devices/LNXSYSTM:00/LNXSLPBN:00/input/input1
[    1.012090] ACPI: Sleep Button [SLPF]
[    1.015756] ACPI: Battery Slot [BAT0] (battery present)
[    1.017791] Serial: 8250/16550 driver, 32 ports, IRQ sharing enabled
[    1.047211] 00:02: ttyS0 at I/O 0x3f8 (irq = 4, base_baud = 115200) is a 16550A
[    1.065577] Linux agpgart interface v0.103
[    1.070160] loop: module loaded
[    1.072850] scsi host0: ata_piix
[    1.074517] scsi host1: ata_piix
[    1.075726] ata1: PATA max UDMA/33 cmd 0x1f0 ctl 0x3f6 bmdma 0xd000 irq 14
[    1.078107] ata2: PATA max UDMA/33 cmd 0x170 ctl 0x376 bmdma 0xd008 irq 15
[    1.081053] libphy: Fixed MDIO Bus: probed
[    1.082635] tun: Universal TUN/TAP device driver, 1.6
[    1.084550] PPP generic driver version 2.4.2
[    1.086157] ehci_hcd: USB 2.0 'Enhanced' Host Controller (EHCI) Driver
[    1.092897] ehci-pci: EHCI PCI platform driver
[    1.096665] ehci-platform: EHCI generic platform driver
[    1.101648] ohci_hcd: USB 1.1 'Open' Host Controller (OHCI) Driver
[    1.111358] ohci-pci: OHCI PCI platform driver
[    1.117379] ohci-platform: OHCI generic platform driver
[    1.120426] uhci_hcd: USB Universal Host Controller Interface driver
[    1.123046] i8042: PNP: PS/2 Controller [PNP0303:PS2K,PNP0f03:PS2M] at 0x60,0x64 irq 1,12
[    1.126291] serio: i8042 KBD port at 0x60,0x64 irq 1
[    1.128004] serio: i8042 AUX port at 0x60,0x64 irq 12
[    1.130066] mousedev: PS/2 mouse device common for all mice
[    1.132906] rtc_cmos rtc_cmos: rtc core: registered rtc_cmos as rtc0
[    1.135091] input: AT Translated Set 2 keyboard as /devices/platform/i8042/serio0/input/input2
[    1.136202] rtc_cmos rtc_cmos: alarms up to one day, 114 bytes nvram
[    1.136213] i2c /dev entries driver
[    1.136224] pcie_mp2_amd: AMD(R) PCI-E MP2 Communication Driver Version: 1.0
[    1.136324] device-mapper: uevent: version 1.0.3
[    1.136406] device-mapper: ioctl: 4.37.0-ioctl (2017-09-20) initialised: dm-devel@redhat.com
[    1.148980] ledtrig-cpu: registered to indicate activity on CPUs
[    1.152383] NET: Registered protocol family 10
[    1.158193] Segment Routing with IPv6
[    1.159922] NET: Registered protocol family 17
[    1.161742] Key type dns_resolver registered
[    1.163672] RAS: Correctable Errors collector initialized.
[    1.165710] sched_clock: Marking stable (1165683157, 0)->(2083931794, -918248637)
[    1.169220] registered taskstats version 1
[    1.170726] Loading compiled-in X.509 certificates
[    1.182785] Loaded X.509 cert 'Build time autogenerated kernel key: 6afcca3ddc80072aeae87585a7fdb65d40603f58'
[    1.193051] zswap: loaded using pool lzo/zbud
[    1.207014] Key type big_key registered
[    1.208937] Key type trusted registered
[    1.212518] Key type encrypted registered
[    1.213952] AppArmor: AppArmor sha1 policy hashing enabled
[    1.215818] ima: No TPM chip found, activating TPM-bypass! (rc=-19)
[    1.218076] ima: Allocated hash algorithm: sha1
[    1.220135] evm: HMAC attrs: 0x1
[    1.222577]   Magic number: 3:564:271
[    1.226926] rtc_cmos rtc_cmos: setting system clock to 2019-01-27 08:16:44 UTC (1548577004)
[    1.234474] BIOS EDD facility v0.16 2004-Jun-25, 0 devices found
[    1.237075] EDD information not available.
[    1.242690] Freeing unused kernel memory: 2408K
[    1.260492] Write protecting the kernel read-only data: 20480k
[    1.265869] Freeing unused kernel memory: 2008K
[    1.274529] Freeing unused kernel memory: 1892K
[    1.281987] x86/mm: Checked W+X mappings: passed, no W+X pages found.
[    1.296265] x86/mm: Checking user space page tables
[    1.304139] x86/mm: Checked W+X mappings: passed, no W+X pages found.
Loading, please wait...
starting version 237
[    1.397787] e1000: Intel(R) PRO/1000 Network Driver - version 7.3.21-k8-NAPI
[    1.401035] e1000: Copyright (c) 1999-2006 Intel Corporation.
[    1.404072] Fusion MPT base driver 3.04.20
[    1.406575] Copyright (c) 1999-2008 LSI Corporation
[    1.430422] AVX2 version of gcm_enc/dec engaged.
[    1.432628] AES CTR mode by8 optimization enabled
[    1.466075] Fusion MPT SPI Host driver 3.04.20
[    1.474803] vboxvideo: loading out-of-tree module taints kernel.
[    1.477724] vboxvideo: module verification failed: signature and/or required key missing - tainting kernel
[    1.664754] input: ImExPS/2 Generic Explorer Mouse as /devices/platform/i8042/serio1/input/input4
[    2.291679] tsc: Refined TSC clocksource calibration: 1799.500 MHz
[    2.295970] clocksource: tsc: mask: 0xffffffffffffffff max_cycles: 0x19f051454d2, max_idle_ns: 440795216483 ns
[    2.329322] e1000 0000:00:03.0 eth0: (PCI:33MHz:32-bit) 02:62:7a:79:f6:ca
[    2.333427] e1000 0000:00:03.0 eth0: Intel(R) PRO/1000 Network Connection
[    2.337232] mptbase: ioc0: Initiating bringup
[    2.452691] ioc0: LSI53C1030 A0: Capabilities={Initiator}
[    3.431402] scsi host2: ioc0: LSI53C1030 A0, FwRev=00000000h, Ports=1, MaxQ=256, IRQ=20
[    3.697387] scsi 2:0:0:0: Direct-Access     VBOX     HARDDISK         1.0  PQ: 0 ANSI: 5
[    4.085482] [drm] VRAM 01000000
[    4.087198] [TTM] Zone  kernel: Available graphics memory: 504464 kiB
[    4.102041] [TTM] Initializing pool allocator
[    4.111758] [TTM] Initializing DMA pool allocator
[    4.115896] fbcon: vboxdrmfb (fb0) is primary device
[    4.118238] Console: switching to colour frame buffer device 100x37
[    4.132782] vboxvideo 0000:00:02.0: fb0: vboxdrmfb frame buffer device
[    4.144438] [drm] Initialized vboxvideo 1.0.0 20130823 for 0000:00:02.0 on minor 0
[    4.152586] scsi target2:0:0: Beginning Domain Validation
[    4.159694] scsi target2:0:0: Domain Validation skipping write tests
[    4.161775] scsi target2:0:0: Ending Domain Validation
[    4.163379] scsi target2:0:0: asynchronous
[    4.165183] scsi 2:0:1:0: Direct-Access     VBOX     HARDDISK         1.0  PQ: 0 ANSI: 5
[    4.304156] scsi target2:0:1: Beginning Domain Validation
[    4.308297] random: fast init done
[    4.318416] scsi target2:0:1: Domain Validation skipping write tests
[    4.321455] scsi target2:0:1: Ending Domain Validation
[    4.324022] scsi target2:0:1: asynchronous
[    4.335857] random: systemd-udevd: uninitialized urandom read (16 bytes read)
[    4.339372] random: systemd-udevd: uninitialized urandom read (16 bytes read)
[    4.341051] sd 2:0:0:0: [sda] 20971520 512-byte logical blocks: (10.7 GB/10.0 GiB)
[    4.346678] sd 2:0:0:0: Attached scsi generic sg0 type 0
[    4.347664] sd 2:0:0:0: [sda] Write Protect is off
[    4.353340] random: systemd-udevd: uninitialized urandom read (16 bytes read)
[    4.354385] sd 2:0:0:0: [sda] Incomplete mode parameter data
[    4.354387] sd 2:0:0:0: [sda] Assuming drive cache: write through
[    4.363032] sd 2:0:1:0: [sdb] 20480 512-byte logical blocks: (10.5 MB/10.0 MiB)
[    4.368623] sd 2:0:1:0: [sdb] Write Protect is off
[    4.372811] sd 2:0:1:0: Attached scsi generic sg1 type 0
[    4.375919] sd 2:0:1:0: [sdb] Incomplete mode parameter data
[    4.379791] sd 2:0:1:0: [sdb] Assuming drive cache: write through
[    4.384105]  sda: sda1
[    4.387855] sd 2:0:0:0: [sda] Attached SCSI disk
[    4.393621] sd 2:0:1:0: [sdb] Attached SCSI disk
[    4.683354] e1000 0000:00:08.0 eth1: (PCI:33MHz:32-bit) 08:00:27:cf:e1:91
[    4.686121] e1000 0000:00:08.0 eth1: Intel(R) PRO/1000 Network Connection
[    4.932834] e1000 0000:00:08.0 enp0s8: renamed from eth1
[    4.949043] e1000 0000:00:03.0 enp0s3: renamed from eth0
Begin: Loading essential drivers ... [    5.204324] raid6: sse2x1   gen()  8938 MB/s
[    5.256187] raid6: sse2x1   xor()  6292 MB/s
[    5.304309] raid6: sse2x2   gen() 11032 MB/s
[    5.352304] raid6: sse2x2   xor()  7141 MB/s
[    5.404351] raid6: sse2x4   gen() 12452 MB/s
[    5.456314] raid6: sse2x4   xor()  6962 MB/s
[    5.504318] raid6: avx2x1   gen() 14101 MB/s
[    5.552344] raid6: avx2x1   xor() 11108 MB/s
[    5.600240] raid6: avx2x2   gen() 20454 MB/s
[    5.656387] raid6: avx2x2   xor() 11031 MB/s
[    5.704012] raid6: avx2x4   gen() 23240 MB/s
[    5.752127] raid6: avx2x4   xor() 14537 MB/s
[    5.757542] raid6: using algorithm avx2x4 gen() 23240 MB/s
[    5.769148] raid6: .... xor() 14537 MB/s, rmw enabled
[    5.774585] raid6: using avx2x2 recovery algorithm
[    5.778599] xor: automatically using best checksumming function   avx       
[    5.786666] async_tx: api initialized (async)
done.
Begin: Running /scripts/init-premount ... done.
Begin: Mounting root file system ... Begin: Running /scripts/local-top ... done.
Begin: Running /scripts/local-premount ... [    5.856049] Btrfs loaded, crc32c=crc32c-intel
Scanning for Btrfs filesystems
done.
Warning: fsck not present, so skipping root file system
[    5.910214] EXT4-fs (sda1): mounted filesystem with ordered data mode. Opts: (null)
done.
Begin: Running /scripts/local-bottom ... done.
Begin: Running /scripts/init-bottom ... done.
[    6.280106] ip_tables: (C) 2000-2006 Netfilter Core Team
[    6.298634] systemd[1]: systemd 237 running in system mode. (+PAM +AUDIT +SELINUX +IMA +APPARMOR +SMACK +SYSVINIT +UTMP +LIBCRYPTSETUP +GCRYPT +GNUTLS +ACL +XZ +LZ4 +SECCOMP +BLKID +ELFUTILS +KMOD -IDN2 +IDN -PCRE2 default-hierarchy=hybrid)
[    6.364928] systemd[1]: Detected virtualization oracle.
[    6.367318] systemd[1]: Detected architecture x86-64.

Welcome to [1mUbuntu 18.04.1 LTS[0m!

[    6.387276] systemd[1]: Set hostname to <ubuntu-bionic>.
[    7.020340] systemd[1]: Created slice System Slice.
[[0;32m  OK  [0m] Created slice System Slice.
[    7.028569] systemd[1]: Listening on /dev/initctl Compatibility Named Pipe.
[[0;32m  OK  [0m] Listening on /dev/initctl Compatibility Named Pipe.
[    7.034574] systemd[1]: Created slice User and Session Slice.
[[0;32m  OK  [0m] Created slice User and Session Slice.
[    7.040753] systemd[1]: Reached target Swap.
[[0;32m  OK  [0m] Reached target Swap.
[    7.045595] systemd[1]: Created slice system-serial\x2dgetty.slice.
[[0;32m  OK  [0m] Created slice system-serial\x2dgetty.slice.
[    7.051514] systemd[1]: Listening on LVM2 poll daemon socket.
[[0;32m  OK  [0m] Listening on LVM2 poll daemon socket.
[[0;32m  OK  [0m] Reached target User and Group Name Lookups.
[[0;32m  OK  [0m] Listening on Syslog Socket.
[[0;32m  OK  [0m] Listening on Journal Socket (/dev/log).
[[0;32m  OK  [0m] Listening on Journal Socket.
         Mounting Huge Pages File System...
         Starting Uncomplicated firewall...
         Starting Set the console keyboard layout...
         Mounting POSIX Message Queue File System...
[[0;32m  OK  [0m] Reached target Slices.
[[0;32m  OK  [0m] Set up automount Arbitrary Executab…rmats File System Automount Point.
[[0;32m  OK  [0m] Started Forward Password Requests to Wall Directory Watch.
[[0;32m  OK  [0m] Reached target System Time Synchronized.
[[0;32m  OK  [0m] Listening on udev Control Socket.
[[0;32m  OK  [0m] Listening on Device-mapper event daemon FIFOs.
         Mounting Kernel Debug File System...
[[0;32m  OK  [0m] Listening on Network Service Netlink Socket.
[[0;32m  OK  [0m] Listening on LVM2 metadata daemon socket.
         Starting Monitoring of LVM2 mirrors…ng dmeventd or progress polling...
         Starting Remount Root and Kernel File Systems...
[[0;32m  OK  [0m] Listening on Journal Audit Socket.
         Starting Create list of required st…ce nodes for the current kernel...
[[0;32m  OK  [0m] Listening on udev Kernel Socket.
         Starting udev Coldplug all Devices...
         Starting Load Kernel Modules...
         Starting Journal Service...
[[0;32m  OK  [0m] Mounted Huge Pages File System.
[[0;32m  OK  [0m] Started Uncomplicated firewall.
[[0;32m  OK  [0m] Mounted POSIX Message Queue File System.
[[0;32m  OK  [0m[    7.256018] EXT4-fs (sda1): re-mounted. Opts: (null)
] Mounted Kernel Debug File System.
[[0;32m  OK  [0m] Started Remount Root and Kernel File Systems.
[[0;32m  OK  [0m] Started Create list of required sta…vice nodes for the current kernel.
[[0;32m  OK  [0[    7.301128] Loading iSCSI transport class v2.0-870.
m] Started Set the console keyboard layout.
         Starting Create Static Device Nodes in /dev...
         Starting Load/Save Random Seed...
[    7.358940] iscsi: registered transport (tcp)
         Starting Initial cloud-init job (pre-networking)...
[[0;32m  OK  [0m] Started Journal Service.
[[0;32m  OK  [0m] Started LVM2 metadata daemon.
         Starting Flush Journal to Persistent Storage...
[[0;32m  OK  [0m] Started Load/Save Random Seed.
[[0;32m  OK  [0m] Started udev Coldplug all Devices.
[[0;32m  OK  [0m] Started Create Static Device Nodes in /dev.
         Starting udev Kernel Device Manager...
[    7.495307] systemd-journald[401]: Received request to flush runtime journal from PID 1
[    7.578737] iscsi: registered transport (iser)
[[0;32m  OK  [0m] Started Load Kernel Modules.
         Mounting FUSE Control File System...
         Starting Apply Kernel Variables...
         Mounting Kernel Configuration File System...
[[0;32m  OK  [0m] Mounted FUSE Control File System.
[[0;32m  OK  [0m] Mounted Kernel Configuration File System.
[[0;32m  OK  [0m] Started Monitoring of LVM2 mirrors,…sing dmeventd or progress polling.
[[0;32m  OK  [0m] Reached target Local File Systems (Pre).
[[0;32m  OK  [0m] Reached target Local File Systems.
         Starting AppArmor initialization...
         Starting Tell Plymouth To Write Out Runtime Data...
         Starting Set console font and keymap...
         Starting ebtables ruleset management...
[[0;32m  OK  [0m] Started udev Kernel Device Manager.
[[0;32m  OK  [0m] Started Dispatch Password Requests to Console Directory Watch.
[[0;32m  OK  [0m] Reached target Local Encrypted Volumes.
[[0;32m  OK  [0m] Started Apply Kernel Variables.
[[0;32m  OK  [0m] Started Tell Plymouth To Write Out Runtime Data.
[[0;32m  OK  [0m] Started Set console font and keymap.
[[0;32m  OK  [0m] Found device /dev/ttyS0.
[[0;32m  OK  [0m] Started ebtables ruleset management.
[[0;32m  OK  [0m] Started Flush Journal to Persistent Storage.
         Starting Create Volatile Files and Directories...
[[0;32m  OK  [0m] Started Create Volatile Files and Directories.
         Starting Update UTMP about System Boot/Shutdown...
[[0;32m  OK  [0m] Listening on Load/Save RF Kill Switch Status /dev/rfkill Watch.
[[0;32m  OK  [0m] Started Update UTMP about System Boot/Shutdown.
[[0;32m  OK  [0m] Started AppArmor initialization.
[   10.949333] cloud-init[406]: Cloud-init v. 18.4-0ubuntu1~18.04.1 running 'init-local' at Sun, 27 Jan 2019 08:16:53 +0000. Up 10.59 seconds.
[[0;32m  OK  [0m] Started Initial cloud-init job (pre-networking).
[[0;32m  OK  [0m] Reached target Network (Pre).
         Starting Network Service...
[[0;32m  OK  [0m] Started Network Service.
         Starting Network Name Resolution...
         Starting Wait for Network to be Configured...
[[0;32m  OK  [0m] Started Network Name Resolution.
[[0;32m  OK  [0m] Reached target Network.
[[0;32m  OK  [0m] Reached target Host and Network Name Lookups.
[[0;32m  OK  [0m] Started Wait for Network to be Configured.
         Starting Initial cloud-init job (metadata service crawler)...
[   13.674390] cloud-init[693]: Cloud-init v. 18.4-0ubuntu1~18.04.1 running 'init' at Sun, 27 Jan 2019 08:16:56 +0000. Up 13.50 seconds.
[   13.683535] cloud-init[693]: ci-info: ++++++++++++++++++++++++++++++++++++++Net device info+++++++++++++++++++++++++++++++++++++++
[   13.688995] cloud-init[693]: ci-info: +--------+------+-----------------------------+---------------+--------+-------------------+
[   13.694498] cloud-init[693]: ci-info: | Device |  Up  |           Address           |      Mask     | Scope  |     Hw-Address    |
[   13.699715] cloud-init[693]: ci-info: +--------+------+-----------------------------+---------------+--------+-------------------+
[   13.704624] cloud-init[693]: ci-info: | enp0s3 | True |          10.0.2.15          | 255.255.255.0 | global | 02:62:7a:79:f6:ca |
[   13.714159] cloud-init[693]: ci-info: | enp0s3 | True |  fe80::62:7aff:fe79:f6ca/64 |       .       |  link  | 02:62:7a:79:f6:ca |
[   13.747221] cloud-init[693]: ci-info: | enp0s8 | True |        192.168.33.10        | 255.255.255.0 | global | 08:00:27:cf:e1:91 |
[   13.751996] cloud-init[693]: ci-info: | enp0s8 | True | fe80::a00:27ff:fecf:e191/64 |       .       |  link  | 08:00:27:cf:e1:91 |
[   13.763233] cloud-init[693]: ci-info: |   lo   | True |          127.0.0.1          |   255.0.0.0   |  host  |         .         |
[   13.769374] cloud-init[693]: ci-info: |   lo   | True |           ::1/128           |       .       |  host  |         .         |
[   13.775765] cloud-init[693]: ci-info: +--------+------+-----------------------------+---------------+--------+-------------------+
[   13.783041] cloud-init[693]: ci-info: +++++++++++++++++++++++++++++Route IPv4 info+++++++++++++++++++++++++++++
[   13.789763] cloud-init[693]: ci-info: +-------+--------------+----------+-----------------+-----------+-------+
[   13.801137] cloud-init[693]: ci-info: | Route | Destination  | Gateway  |     Genmask     | Interface | Flags |
[   13.810591] cloud-init[693]: ci-info: +-------+--------------+----------+-----------------+-----------+-------+
[   13.816181] cloud-init[693]: ci-info: |   0   |   0.0.0.0    | 10.0.2.2 |     0.0.0.0     |   enp0s3  |   UG  |
[   13.825374] cloud-init[693]: ci-info: |   1   |   10.0.2.0   | 0.0.0.0  |  255.255.255.0  |   enp0s3  |   U   |
[   13.834199] cloud-init[693]: ci-info: |   2   |   10.0.2.2   | 0.0.0.0  | 255.255.255.255 |   enp0s3  |   UH  |
[   13.842274] cloud-init[693]: ci-info: |   3   | 192.168.33.0 | 0.0.0.0  |  255.255.255.0  |   enp0s8  |   U   |
[   13.846795] cloud-init[693]: ci-info: +-------+--------------+----------+-----------------+-----------+-------+
[   13.852600] cloud-init[693]: ci-info: +++++++++++++++++++Route IPv6 info+++++++++++++++++++
[   13.857766] cloud-init[693]: ci-info: +-------+-------------+---------+-----------+-------+
[   13.863011] cloud-init[693]: ci-info: | Route | Destination | Gateway | Interface | Flags |
[   13.868752] cloud-init[693]: ci-info: +-------+-------------+---------+-----------+-------+
[   13.896609] cloud-init[693]: ci-info: |   1   |  fe80::/64  |    ::   |   enp0s8  |   U   |
[   13.903257] cloud-init[693]: ci-info: |   2   |  fe80::/64  |    ::   |   enp0s3  |   U   |
[   13.909666] cloud-init[693]: ci-info: |   4   |    local    |    ::   |   enp0s3  |   U   |
[   13.915421] cloud-init[693]: ci-info: |   5   |    local    |    ::   |   enp0s8  |   U   |
[   13.921189] cloud-init[693]: ci-info: |   6   |   ff00::/8  |    ::   |   enp0s8  |   U   |
[   13.925806] cloud-init[693]: ci-info: |   7   |   ff00::/8  |    ::   |   enp0s3  |   U   |
[   13.930140] cloud-init[693]: ci-info: +-------+-------------+---------+-----------+-------+
[[0;32m  OK  [0m] Started Initial cloud-init job (metadata service crawler).
[[0;32m  OK  [0m] Reached target Network is Online.
         Starting Availability of block devices...
[[0;32m  OK  [0m] Reached target Remote File Systems (Pre).
[[0;32m  OK  [0m] Reached target Remote File Systems.
[[0;32m  OK  [0m] Reached target System Initialization.
         Starting LXD - unix socket.
[[0;32m  OK  [0m] Listening on UUID daemon activation socket.
[[0;32m  OK  [0m] Listening on D-Bus System Message Bus Socket.
[[0;32m  OK  [0m] Started ACPI Events Check.
[[0;32m  OK  [0m] Reached target Paths.
[[0;32m  OK  [0m] Started Daily apt download activities.
[[0;32m  OK  [0m] Listening on ACPID Listen Socket.
[[0;32m  OK  [0m] Started Discard unused blocks once a week.
[[0;32m  OK  [0m] Started Message of the Day.
[[0;32m  OK  [0m] Started Daily Cleanup of Temporary Directories.
[[0;32m  OK  [0m] Listening on Open-iSCSI iscsid Socket.
[[0;32m  OK  [0m] Started Daily apt upgrade and clean activities.
[[0;32m  OK  [0m] Reached target Timers.
         Starting Socket activation for snappy daemon.
[[0;32m  OK  [0m] Reached target Cloud-config availability.
[[0;32m  OK  [0m] Started Availability of block devices.
[[0;32m  OK  [0m] Listening on LXD - unix socket.
[[0;32m  OK  [0m] Listening on Socket activation for snappy daemon.
[[0;32m  OK  [0m] Reached target Sockets.
[[0;32m  OK  [0m] Reached target Basic System.
         Starting Permit User Sessions...
[[0;32m  OK  [0m] Started Regular background program processing daemon.
[[0;32m  OK  [0m] Started FUSE filesystem for LXC.
[[0;32m  OK  [0m] Started Deferred execution scheduler.
[[0;32m  OK  [0m] Started D-Bus System Message Bus.
         Starting LSB: Record successful boot for GRUB...
         Starting OpenBSD Secure Shell server...
[[0;32m  OK  [0m] Started irqbalance daemon.
         Starting Snappy daemon...
         Starting System Logging Service...
         Starting Login Service...
         Starting Accounts Service...
         Starting Dispatcher daemon for systemd-networkd...
         Starting LSB: automatic crash report generation...
         Starting LXD - container startup/shutdown...
         Starting vboxadd.service...
[[0;32m  OK  [0m] Started System Logging Service.
[[0;32m  OK  [0m] Started Permit User Sessions.
         Starting Hold until boot process finishes up...
         Starting Terminate Plymouth Boot Screen...
[[0;32m  OK  [0m] Started Hold until boot process finishes up.
         Starting Set console scheme...
[[0;32m  OK  [0m] Started Serial Getty on ttyS0.
[[0;32m  OK  [0m] Started OpenBSD Secure Shell server.
[[0;32m  OK  [0m] Started Terminate Plymouth Boot Screen.
[[0;32m  OK  [0m] Started Set console scheme.
[[0;32m  OK  [0m] Created slice system-getty.slice.
[[0;32m  OK  [0m] Started Getty on tty1.
[[0;32m  OK  [0m] Reached target Login Prompts.
         Starting Authorization Manager...
[[0;32m  OK  [0m] Started LSB: Record successful boot for GRUB.
[[0;32m  OK  [0m] Started Login Service.
[[0;32m  OK  [0m] Started Unattended Upgrades Shutdown.
[[0;32m  OK  [0m] Started LSB: automatic crash report generation.
[[0;32m  OK  [0m] Started Snappy daemon.
         Starting Wait until snapd is fully seeded...
[[0;32m  OK  [0m] Started Authorization Manager.
[[0;32m  OK  [0m] Started Accounts Service.
[[0;32m  OK  [0m] Started Wait until snapd is fully seeded.
         Starting Apply the settings specified in cloud-config...
[[0;32m  OK  [0m] Started LXD - container startup/shutdown.
[[0;32m  OK  [0m] Created slice User Slice of vagrant.
         Starting User Manager for UID 1000...
[[0;32m  OK  [0m] Started Session 1 of user vagrant.
[[0;32m  OK  [0m] Started Dispatcher daemon for systemd-networkd.
[[0;32m  OK  [0m] Started User Manager for UID 1000.
[[0;32m  OK  [0m] Started vboxadd.service.
         Starting vboxadd-service.service...
[[0;32m  OK  [0m] Started vboxadd-service.service.
[[0;32m  OK  [0m] Reached target Multi-User System.
[[0;32m  OK  [0m] Reached target Graphical Interface.
         Starting Update UTMP about System Runlevel Changes...
[[0;32m  OK  [0m] Started Update UTMP about System Runlevel Changes.
[   16.971514] cloud-init[1035]: Cloud-init v. 18.4-0ubuntu1~18.04.1 running 'modules:config' at Sun, 27 Jan 2019 08:16:59 +0000. Up 16.39 seconds.
[[0;32m  OK  [0m] Started Apply the settings specified in cloud-config.
         Starting Execute cloud user/final scripts...
[   18.420653] cloud-init[1210]: Cloud-init v. 18.4-0ubuntu1~18.04.1 running 'modules:final' at Sun, 27 Jan 2019 08:17:01 +0000. Up 18.21 seconds.
[   18.441124] cloud-init[1210]: Cloud-init v. 18.4-0ubuntu1~18.04.1 finished at Sun, 27 Jan 2019 08:17:01 +0000. Datasource DataSourceNoCloud [seed=/dev/sdb][dsmode=net].  Up 18.40 seconds
[[0;32m  OK  [0m] Started Execute cloud user/final scripts.
[[0;32m  OK  [0m] Reached target Cloud-init target.

Ubuntu 18.04.1 LTS ubuntu-bionic ttyS0

ubuntu-bionic login: 